<?xml version="1.0" encoding="UTF-8"?>
<!-- Generated by org.testng.reporters.JUnitReportReporter -->
<testsuite hostname="TYSS-Keerthana" failures="0" tests="2" name="Practice.Ts" time="0.006" errors="0" timestamp="2023-01-18T06:16:24 IST" skipped="1">
  <testcase classname="Practice.Ts" name="modifycontact" time="0.006"/>
  <system-out/>
  <testcase classname="Practice.Ts" name="createcontact">
    <skipped/>
  </testcase> <!-- createcontact -->
  <system-out/>
</testsuite> <!-- Practice.Ts -->
